<?xml version="1.0" encoding="UTF-8"?>
<!-- Generated by org.testng.reporters.JUnitReportReporter -->
<testsuite hostname="Mypc" name="pom.LoginTC_POM" tests="1" failures="0" timestamp="16 Nov 2017 03:13:37 GMT" time="15.448" errors="0">
  <testcase name="te" time="15.448" classname="pom.LoginTC_POM"/>
</testsuite> <!-- pom.LoginTC_POM -->
