<?xml version="1.0" encoding="UTF-8"?>
<!-- Generated by org.testng.reporters.JUnitReportReporter -->
<testsuite hostname="Mypc" name="testNG.UserReg" tests="1" failures="0" timestamp="14 Nov 2017 02:44:13 GMT" time="14.664" errors="0">
  <testcase name="org_Userreg" time="14.664" classname="testNG.UserReg"/>
</testsuite> <!-- testNG.UserReg -->
