<?xml version="1.0" encoding="UTF-8"?>
<!-- Generated by org.testng.reporters.JUnitReportReporter -->
<testsuite hostname="Mypc" name="grid.GridEg1" tests="2" failures="0" timestamp="17 Nov 2017 03:15:54 GMT" time="64.822" errors="0">
  <testcase name="g" time="45.480" classname="grid.GridEg1"/>
  <testcase name="g" time="19.342" classname="grid.GridEg1"/>
</testsuite> <!-- grid.GridEg1 -->
