<?xml version="1.0" encoding="UTF-8"?>
<!-- Generated by org.testng.reporters.JUnitReportReporter -->
<testsuite hostname="Mypc" name="testNG.EmpReg" tests="3" failures="0" timestamp="14 Nov 2017 02:54:36 GMT" time="27.017" errors="0">
  <testcase name="org_Empreg" time="8.907" classname="testNG.EmpReg"/>
  <testcase name="org_Empreg" time="8.581" classname="testNG.EmpReg"/>
  <testcase name="org_Empreg" time="9.529" classname="testNG.EmpReg"/>
</testsuite> <!-- testNG.EmpReg -->
