<?xml version="1.0" encoding="UTF-8"?>
<!-- Generated by org.testng.reporters.JUnitReportReporter -->
<testsuite hostname="Mypc" name="testNG.BasicAnnotations" tests="3" failures="0" timestamp="13 Nov 2017 02:58:51 GMT" time="0.026" errors="0">
  <testcase name="function2" time="0.004" classname="testNG.BasicAnnotations"/>
  <testcase name="a" time="0.007" classname="testNG.BasicAnnotations"/>
  <testcase name="function1" time="0.015" classname="testNG.BasicAnnotations"/>
</testsuite> <!-- testNG.BasicAnnotations -->
